0 silly input [ 'watch' ]
1 silly flags { _: [ 'run' ],
1 silly flags   'reject-cycles': false,
1 silly flags   rejectCycles: false,
1 silly flags   parallel: true,
1 silly flags   script: 'watch',
1 silly flags   args: [] }
2 verbose rootPath c:\Projects\git\github\nest-angular-lerna
3 info version 2.11.0
4 silly existsSync c:\Projects\git\github\nest-angular-lerna\VERSION
5 silly initialize attempt
6 silly initialize success
7 silly execute attempt
8 info run in 5 package(s): npm run watch
9 silly runScriptInPackageStreaming [ 'watch', [], '@app/angular-crud' ]
10 silly getExecOpts { cwd: 'c:\\Projects\\git\\github\\nest-angular-lerna\\packages\\angular-crud' }
11 silly runScriptInPackageStreaming [ 'watch', [], '@app/interfaces' ]
12 silly getExecOpts { cwd: 'c:\\Projects\\git\\github\\nest-angular-lerna\\packages\\interfaces' }
13 silly runScriptInPackageStreaming [ 'watch', [], '@app/nest-crud' ]
14 silly getExecOpts { cwd: 'c:\\Projects\\git\\github\\nest-angular-lerna\\packages\\nest-crud' }
15 silly runScriptInPackageStreaming [ 'watch', [], '@app/backend' ]
16 silly getExecOpts { cwd: 'c:\\Projects\\git\\github\\nest-angular-lerna\\apps\\backend' }
17 silly runScriptInPackageStreaming [ 'watch', [], '@app/frontend' ]
18 silly getExecOpts { cwd: 'c:\\Projects\\git\\github\\nest-angular-lerna\\apps\\frontend' }
19 error execute callback with error
20 error Error: Command failed: npm run watch
20 error Error response from daemon: No such container: undefined
20 error Error: failed to start containers: undefined
20 error child_process.js:644
20 error     throw err;
20 error     ^
20 error
20 error Error: Command failed: docker start undefined
20 error Error response from daemon: No such container: undefined
20 error Error: failed to start containers: undefined
20 error
20 error     at checkExecSyncError (child_process.js:601:13)
20 error     at Object.execSync (child_process.js:641:13)
20 error     at Object.<anonymous> (c:\Projects\git\github\nest-angular-lerna\apps\backend\scripts\dev.js:32:15)
20 error     at Module._compile (module.js:635:30)
20 error     at Object.Module._extensions..js (module.js:646:10)
20 error     at Module.load (module.js:554:32)
20 error     at tryModuleLoad (module.js:497:12)
20 error     at Function.Module._load (module.js:489:3)
20 error     at Function.Module.runMain (module.js:676:10)
20 error     at startup (bootstrap_node.js:187:16)
20 error npm ERR! code ELIFECYCLE
20 error npm ERR! errno 1
20 error npm ERR! @app/backend@0.0.0 watch: `node scripts/dev`
20 error npm ERR! Exit status 1
20 error npm ERR!
20 error npm ERR! Failed at the @app/backend@0.0.0 watch script.
20 error npm ERR! This is probably not a problem with npm. There is likely additional logging output above.
20 error
20 error npm ERR! A complete log of this run can be found in:
20 error npm ERR!     C:\Users\tgdgoet1\AppData\Roaming\npm-cache\_logs\2018-06-08T11_09_45_844Z-debug.log
20 error
20 error
20 error > @app/backend@0.0.0 watch c:\Projects\git\github\nest-angular-lerna\apps\backend
20 error > node scripts/dev
20 error
20 error $ docker start undefined
20 error
20 error     at Promise.all.then.arr (C:\Users\tgdgoet1\AppData\Roaming\npm\node_modules\lerna\node_modules\execa\index.js:236:11)
20 error     at <anonymous>
